<?xml version="1.0" encoding="UTF-8"?>
<testng-results ignored="0" total="1" passed="1" failed="0" skipped="0">
  <reporter-output>
  </reporter-output>
  <suite started-at="2024-05-10T06:23:46 IST" name="Default suite" finished-at="2024-05-10T06:24:43 IST" duration-ms="56961">
    <groups>
    </groups>
    <test started-at="2024-05-10T06:23:46 IST" name="Default test" finished-at="2024-05-10T06:24:43 IST" duration-ms="56961">
      <class name="Codetest.ProductTest">
        <test-method is-config="true" signature="setupAppium()[pri:0, instance:Codetest.ProductTest@443118b0]" started-at="2024-05-10T06:23:46 IST" name="setupAppium" finished-at="2024-05-10T06:23:57 IST" duration-ms="10748" status="PASS">
          <reporter-output>
          </reporter-output>
        </test-method> <!-- setupAppium -->
        <test-method signature="AddToCart()[pri:0, instance:Codetest.ProductTest@443118b0]" started-at="2024-05-10T06:23:57 IST" name="AddToCart" finished-at="2024-05-10T06:24:43 IST" duration-ms="46152" status="PASS">
          <reporter-output>
          </reporter-output>
        </test-method> <!-- AddToCart -->
      </class> <!-- Codetest.ProductTest -->
    </test> <!-- Default test -->
  </suite> <!-- Default suite -->
</testng-results>
